[2025-11-18 23:52:04] Usuario_88faa4: hola men
[2025-11-18 23:52:30] Usuario_25df66: hola papu
[2025-11-18 23:52:42] Usuario_88faa4: que tal como andas??
[2025-11-18 23:53:09] Usuario_a021af: HOLA CHICOOOOOOS
[2025-11-19 00:03:15] Usuario_d4255e: volvi amiguitos
[2025-11-19 00:03:33] Usuario_d4255e: hola?
[2025-11-19 00:03:53] Usuario_492827: que tal we
[2025-11-19 00:28:11] Usuario_2eae20: hola chicos
[2025-11-19 00:28:25] Usuario_2eae20: volviiii
[2025-11-19 00:29:14] Usuario_7aae3e: hola?
[2025-11-19 00:33:57] Usuario_7d5f23: que tal bro
[2025-11-19 01:06:44] Usuario_60530c: hola?
[2025-11-19 01:17:33] Usuario_ae9495: hola)
[2025-11-19 01:17:49] Usuario_ae9495: bro???
[2025-11-19 01:18:01] Usuario_f1124b: dime pana
[2025-11-19 01:18:32] Usuario_e98492: HOLA?
[2025-11-19 22:37:04] Usuario_a53c22: buenas buenas muchachos
[2025-11-19 22:45:58] Usuario_cab994: hola??
[2025-11-19 22:59:15] Usuario_cab994: ✅
[2025-11-19 23:15:54] Usuario_d5dc55: hola?
[2025-11-19 23:23:30] Usuario_a44fea: hola viejo?
[2025-11-19 23:31:38] Usuario_9b21c0: hola ?
[2025-11-19 23:40:45] Usuario_254d83: hola chicos
[2025-11-19 23:41:28] Usuario_b5d97e: HOLAAAAAA
[2025-11-20 00:15:12] Usuario_63845f: hola?
[2025-11-20 00:15:46] Usuario_d3e5bc: hola??
[2025-11-20 00:26:05] Usuario_9df1f7: hola?
[2025-11-20 00:27:09] Usuario_d6c9fd: bro
[2025-11-20 00:37:07] Usuario_7da653: hola?
[2025-11-20 01:01:28] Usuario_eb627d: hola?
[2025-11-20 01:02:55] Usuario_6a1ee5: soy santi
[2025-11-20 01:09:26] Usuario_9f2e45: soy santi
[2025-11-20 01:17:07] Usuario_3104f6: soy santi de nuevo
[2025-11-20 01:23:23] Usuario_72977a: hola?
[2025-11-20 01:23:41] Usuario_909385: hola de nuevo?
[2025-11-20 01:28:22] Usuario_b427c8: vsasdasdasd
[2025-11-20 01:32:19] Usuario_f6405e: ffghfghfdh
[2025-11-20 01:32:43] Usuario_bb5fbb: hola?
[2025-11-20 01:33:48] Usuario_695197: hola?
[2025-11-20 01:34:21] Usuario_5a1efb: hola
[2025-11-20 02:12:36] Usuario_a6213a: HOLA?
[2025-11-20 02:13:12] Usuario_3defcc: hola chicos
[2025-11-20 02:18:22] Usuario_49c927: HOLA?
[2025-11-20 02:18:53] Usuario_64c448: bye
[2025-11-20 08:02:10] Anon: buenas?
[2025-11-20 08:02:20] Anon: hola hola?
[2025-11-20 08:08:33] DRACONANTE: hola?
[2025-11-20 08:18:15] Anon: hola yo?
[2025-11-20 08:24:22] Anon: holo?
[2025-11-20 08:25:34] Anon: hola?
[2025-11-20 08:46:46] Anon: holo?
[2025-11-20 08:48:43] Anon: holo?
[2025-11-20 08:59:56] Anon: hola'
[2025-11-20 09:05:03] Anon: hola?
[2025-11-20 09:06:23] Anon: hola?
[2025-11-20 09:12:37] Anon: holo?
[2025-11-20 09:19:13] Anon: holo?
[2025-11-20 09:20:08] Anon: holo
[2025-11-20 09:22:26] Anon: hola
[2025-11-20 09:31:23] Anon: hola?
[2025-11-20 09:49:18] Anon: hola papu
[2025-11-20 09:49:28] Anon: como andas
[2025-11-20 10:09:33] Anon: hola?
[2025-11-20 10:27:36] papu: hola?
[2025-11-20 10:28:17] adrianvallejosflores: ya detecta el nombre creo
[2025-11-20 10:31:21] adrianvallejosflores: hola?
[2025-11-20 10:31:30] adrianvallejosflores: ya detecta el nombre , yeah
[2025-11-20 10:32:10] Usuario_28a157: hola?
[2025-11-20 10:32:22] Usuario_28a157: me voy a cambiar de nombre espera
[2025-11-20 10:32:53] floresarispeeva: ya estoy con mi nombre :)
[2025-11-20 18:06:32] Gabriel: prueba usuario
[2025-11-20 18:52:50] Gabriel: c
[2025-11-20 18:58:41] Gabriel: hola
[2025-11-20 18:59:21] Gabriel: estoy con mi nombre
[2025-11-20 19:03:56] Gabriel: hola
[2025-11-20 19:05:05] Gabriel: probando front
[2025-11-20 19:18:31] Gabriel: gprueba
[2025-11-20 20:23:21] Gabriel: prueba
[2025-11-20 20:32:00] Gabriel: hola
[2025-11-20 20:40:59] Gabriel: hola
[2025-11-20 20:41:07] Gabriel: [p
[2025-11-20 20:41:39] Gabriel: l
[2025-11-20 20:45:58] Gabriel: hola
[2025-11-20 21:05:45] Gabriel: s
[2025-11-20 21:11:01] Gabriel: hola
[2025-11-20 21:11:32] daniel: carlos
[2025-11-20 21:12:35] daniel: solo
